2021-02-18 09:46:29 INFO     Model: TransE
2021-02-18 09:46:29 INFO     Data Path: data/WN18RR
2021-02-18 09:46:29 INFO     #entity: 40943
2021-02-18 09:46:29 INFO     #relation: 11
2021-02-18 09:46:29 INFO     #train: 86835
2021-02-18 09:46:29 INFO     #valid: 3034
2021-02-18 09:46:29 INFO     #test: 3134
2021-02-18 09:46:29 INFO     Model Parameter Configuration:
2021-02-18 09:46:29 INFO     Parameter gamma: torch.Size([1]), require_grad = False
2021-02-18 09:46:29 INFO     Parameter embedding_range: torch.Size([1]), require_grad = False
2021-02-18 09:46:29 INFO     Parameter entity_embedding: torch.Size([40943, 100]), require_grad = True
2021-02-18 09:46:29 INFO     Parameter relation_embedding: torch.Size([11, 100]), require_grad = True
2021-02-18 09:46:30 INFO     Use the pretrain TransE Model...
2021-02-18 09:46:30 INFO     Start Training...
2021-02-18 09:46:30 INFO     init_step = 0
2021-02-18 09:46:30 INFO     batch_size = 1024
2021-02-18 09:46:30 INFO     negative_adversarial_sampling = 1
2021-02-18 09:46:30 INFO     hidden_dim = 100
2021-02-18 09:46:30 INFO     gamma = 6.000000
2021-02-18 09:46:30 INFO     negative_adversarial_sampling = True
2021-02-18 09:46:30 INFO     adversarial_temperature = 0.500000
2021-02-18 09:46:30 INFO     learning_rate = 0
